[+] Containers:
 |- [+] Container: /Game/Level
 |   |- [+] ActorDescs:
 |   |   |- Guid:03920DF94EEFC9F86CC66185D32A3DA1 BaseClass: NativeClass:/Script/Engine.StaticMeshActor Name:StaticMeshActor_UAID_A4AE111137DC54FB00_1240666663 Label:SM_SkySphere SpatiallyLoaded:0 Bounds:IsValid=true, Min=(X=-1638400.000 Y=-1638400.000 Z=-1638400.000), Max=(X=1638400.000 Y=1638400.000 Z=1638400.000) RuntimeGrid:None EditorOnly:0 RuntimeOnly:0 HLODRelevant:0 FolderPath:Lighting FolderGuid:B7E9BD5B45A652654791988DEF54CCEB
 |   |   |- Guid:0E105A7C4853F308D0C417AD40533612 BaseClass: NativeClass:/Script/Engine.StaticMeshActor Name:StaticMeshActor_UAID_846993542281F17C01_1418607523 Label:Cube SpatiallyLoaded:1 Bounds:IsValid=true, Min=(X=5715.000 Y=25452.500 Z=-100.000), Max=(X=9665.000 Y=30127.500 Z=0.000) RuntimeGrid:None EditorOnly:0 RuntimeOnly:0 HLODRelevant:1
 |   |   |- Guid:1F16A53C445C09ADEEE435B9E719D33C BaseClass: NativeClass:/Script/Engine.SpotLight Name:SpotLight_UAID_846993542281F27C01_1243557699 Label:SpotLight3 SpatiallyLoaded:1 Bounds:IsValid=true, Min=(X=6740.128 Y=26951.093 Z=-375.906), Max=(X=8130.292 Y=28341.256 Z=1014.258) RuntimeGrid:None EditorOnly:0 RuntimeOnly:0 HLODRelevant:0
 |   |   |- Guid:218E3B124735712D7EF272B4FB8E7FF6 BaseClass: NativeClass:/Script/Landscape.Landscape Name:Landscape_UAID_A85E45CFE404FBD100_1221515703 Label:Landscape SpatiallyLoaded:0 Bounds:IsValid=true, Min=(X=-100800.000 Y=-100800.000 Z=100.000), Max=(X=-100800.000 Y=-100800.000 Z=100.000) RuntimeGrid:None EditorOnly:0 RuntimeOnly:0 HLODRelevant:0
 |   |   |- Guid:3E72FD6A4C0EC25B4BE8DCAE46AFD12A BaseClass: NativeClass:/Script/Engine.StaticMeshActor Name:StaticMeshActor_UAID_8469935422811C7F01_2036223205 Label:SwordFBX SpatiallyLoaded:1 Bounds:IsValid=true, Min=(X=8482.545 Y=26960.578 Z=-14.501), Max=(X=8908.968 Y=27672.614 Z=1332.225) RuntimeGrid:None EditorOnly:0 RuntimeOnly:0 HLODRelevant:1
 |   |   |- Guid:4DBBB92E4F56E9CD6DEC9AAAD22552D4 BaseClass: NativeClass:/Script/Engine.DirectionalLight Name:DirectionalLight_UAID_8469935422811C7F01_1973292204 Label:DirectionalLight SpatiallyLoaded:0 Bounds:IsValid=true, Min=(X=-4398046511104.000 Y=-4398046511104.000 Z=-4398046511104.000), Max=(X=4398046511104.000 Y=4398046511104.000 Z=4398046511104.000) RuntimeGrid:None EditorOnly:0 RuntimeOnly:0 HLODRelevant:0
 |   |   |- Guid:5368FABB47D6D9580DAECA8B0417BF92 BaseClass: NativeClass:/Script/Engine.WorldDataLayers Name:WorldDataLayers Label:WorldDataLayers-1 SpatiallyLoaded:0 Bounds:IsValid=true, Min=(X=0.000 Y=0.000 Z=0.000), Max=(X=0.000 Y=0.000 Z=0.000) RuntimeGrid:None EditorOnly:0 RuntimeOnly:0 HLODRelevant:0
 |   |   |- Guid:71819F55411BD9318D2A0E9050CAC91E BaseClass: NativeClass:/Script/Engine.SpotLight Name:SpotLight_UAID_846993542281F27C01_1179441698 Label:SpotLight2 SpatiallyLoaded:1 Bounds:IsValid=true, Min=(X=7092.455 Y=26878.128 Z=-325.082), Max=(X=8482.618 Y=28268.292 Z=1065.082) RuntimeGrid:None EditorOnly:0 RuntimeOnly:0 HLODRelevant:0
 |   |   |- Guid:98D1189549D065C0E7B542A8DE69F47E BaseClass: NativeClass:/Script/Engine.SpotLight Name:SpotLight_UAID_846993542281F27C01_1084530695 Label:SpotLight SpatiallyLoaded:1 Bounds:IsValid=true, Min=(X=6982.502 Y=27074.920 Z=-477.545), Max=(X=8372.666 Y=28465.084 Z=912.618) RuntimeGrid:None EditorOnly:0 RuntimeOnly:0 HLODRelevant:0
 |   |   |- Guid:A32F02D843D377445E7D2685B8DD0A37 BaseClass: NativeClass:/Script/Engine.StaticMeshActor Name:StaticMeshActor_UAID_8469935422811C7F01_1933442203 Label:PaperclipFBX2 SpatiallyLoaded:1 Bounds:IsValid=true, Min=(X=8137.006 Y=27556.689 Z=14.449), Max=(X=8285.283 Y=27634.998 Z=606.301) RuntimeGrid:None EditorOnly:0 RuntimeOnly:0 HLODRelevant:1
 |   |   |- Guid:BA9D82694BD104CBD225AD81BFC5B9E7 BaseClass: NativeClass:/Script/CinematicCamera.CineCameraActor Name:CineCameraActor_UAID_846993542281F17C01_1512951525 Label:CineCameraActor SpatiallyLoaded:1 Bounds:IsValid=true, Min=(X=6748.952 Y=26200.000 Z=656.401), Max=(X=6748.952 Y=26200.000 Z=656.401) RuntimeGrid:None EditorOnly:0 RuntimeOnly:0 HLODRelevant:0
 |   |   |- Guid:D21974BF450BDC2D377AF88B62950AC2 BaseClass: NativeClass:/Script/Engine.StaticMeshActor Name:StaticMeshActor_UAID_846993542281F27C01_1480991701 Label:Cube2 SpatiallyLoaded:1 Bounds:IsValid=true, Min=(X=6404.329 Y=27258.778 Z=-692.081), Max=(X=9754.913 Y=29329.127 Z=1807.919) RuntimeGrid:None EditorOnly:0 RuntimeOnly:0 HLODRelevant:1
 |   |   |- Guid:D673EE824E0926570CEEE4BB5240A7FD BaseClass: NativeClass:/Script/Engine.StaticMeshActor Name:StaticMeshActor_UAID_846993542281F07C01_1831847346 Label:CandleFBX2 SpatiallyLoaded:1 Bounds:IsValid=true, Min=(X=7389.730 Y=27457.006 Z=-0.674), Max=(X=8040.268 Y=28102.640 Z=251.633) RuntimeGrid:None EditorOnly:0 RuntimeOnly:0 HLODRelevant:1
 |   |- [+] Clusters:
 |   |   |- [+] [  0]
 |   |   |   |- Guid:A32F02D843D377445E7D2685B8DD0A37 BaseClass: NativeClass:/Script/Engine.StaticMeshActor Name:StaticMeshActor_UAID_8469935422811C7F01_1933442203 Label:PaperclipFBX2 SpatiallyLoaded:1 Bounds:IsValid=true, Min=(X=8137.006 Y=27556.689 Z=14.449), Max=(X=8285.283 Y=27634.998 Z=606.301) RuntimeGrid:None EditorOnly:0 RuntimeOnly:0 HLODRelevant:1
 |   |   |- [+] [  1]
 |   |   |   |- Guid:D673EE824E0926570CEEE4BB5240A7FD BaseClass: NativeClass:/Script/Engine.StaticMeshActor Name:StaticMeshActor_UAID_846993542281F07C01_1831847346 Label:CandleFBX2 SpatiallyLoaded:1 Bounds:IsValid=true, Min=(X=7389.730 Y=27457.006 Z=-0.674), Max=(X=8040.268 Y=28102.640 Z=251.633) RuntimeGrid:None EditorOnly:0 RuntimeOnly:0 HLODRelevant:1
 |   |   |- [+] [  2]
 |   |   |   |- Guid:3E72FD6A4C0EC25B4BE8DCAE46AFD12A BaseClass: NativeClass:/Script/Engine.StaticMeshActor Name:StaticMeshActor_UAID_8469935422811C7F01_2036223205 Label:SwordFBX SpatiallyLoaded:1 Bounds:IsValid=true, Min=(X=8482.545 Y=26960.578 Z=-14.501), Max=(X=8908.968 Y=27672.614 Z=1332.225) RuntimeGrid:None EditorOnly:0 RuntimeOnly:0 HLODRelevant:1
 |   |   |- [+] [  3]
 |   |   |   |- Guid:71819F55411BD9318D2A0E9050CAC91E BaseClass: NativeClass:/Script/Engine.SpotLight Name:SpotLight_UAID_846993542281F27C01_1179441698 Label:SpotLight2 SpatiallyLoaded:1 Bounds:IsValid=true, Min=(X=7092.455 Y=26878.128 Z=-325.082), Max=(X=8482.618 Y=28268.292 Z=1065.082) RuntimeGrid:None EditorOnly:0 RuntimeOnly:0 HLODRelevant:0
 |   |   |- [+] [  4]
 |   |   |   |- Guid:03920DF94EEFC9F86CC66185D32A3DA1 BaseClass: NativeClass:/Script/Engine.StaticMeshActor Name:StaticMeshActor_UAID_A4AE111137DC54FB00_1240666663 Label:SM_SkySphere SpatiallyLoaded:0 Bounds:IsValid=true, Min=(X=-1638400.000 Y=-1638400.000 Z=-1638400.000), Max=(X=1638400.000 Y=1638400.000 Z=1638400.000) RuntimeGrid:None EditorOnly:0 RuntimeOnly:0 HLODRelevant:0 FolderPath:Lighting FolderGuid:B7E9BD5B45A652654791988DEF54CCEB
 |   |   |- [+] [  5]
 |   |   |   |- Guid:BA9D82694BD104CBD225AD81BFC5B9E7 BaseClass: NativeClass:/Script/CinematicCamera.CineCameraActor Name:CineCameraActor_UAID_846993542281F17C01_1512951525 Label:CineCameraActor SpatiallyLoaded:1 Bounds:IsValid=true, Min=(X=6748.952 Y=26200.000 Z=656.401), Max=(X=6748.952 Y=26200.000 Z=656.401) RuntimeGrid:None EditorOnly:0 RuntimeOnly:0 HLODRelevant:0
 |   |   |- [+] [  6]
 |   |   |   |- Guid:1F16A53C445C09ADEEE435B9E719D33C BaseClass: NativeClass:/Script/Engine.SpotLight Name:SpotLight_UAID_846993542281F27C01_1243557699 Label:SpotLight3 SpatiallyLoaded:1 Bounds:IsValid=true, Min=(X=6740.128 Y=26951.093 Z=-375.906), Max=(X=8130.292 Y=28341.256 Z=1014.258) RuntimeGrid:None EditorOnly:0 RuntimeOnly:0 HLODRelevant:0
 |   |   |- [+] [  7]
 |   |   |   |- Guid:98D1189549D065C0E7B542A8DE69F47E BaseClass: NativeClass:/Script/Engine.SpotLight Name:SpotLight_UAID_846993542281F27C01_1084530695 Label:SpotLight SpatiallyLoaded:1 Bounds:IsValid=true, Min=(X=6982.502 Y=27074.920 Z=-477.545), Max=(X=8372.666 Y=28465.084 Z=912.618) RuntimeGrid:None EditorOnly:0 RuntimeOnly:0 HLODRelevant:0
 |   |   |- [+] [  8]
 |   |   |   |- Guid:0E105A7C4853F308D0C417AD40533612 BaseClass: NativeClass:/Script/Engine.StaticMeshActor Name:StaticMeshActor_UAID_846993542281F17C01_1418607523 Label:Cube SpatiallyLoaded:1 Bounds:IsValid=true, Min=(X=5715.000 Y=25452.500 Z=-100.000), Max=(X=9665.000 Y=30127.500 Z=0.000) RuntimeGrid:None EditorOnly:0 RuntimeOnly:0 HLODRelevant:1
 |   |   |- [+] [  9]
 |   |   |   |- Guid:5368FABB47D6D9580DAECA8B0417BF92 BaseClass: NativeClass:/Script/Engine.WorldDataLayers Name:WorldDataLayers Label:WorldDataLayers-1 SpatiallyLoaded:0 Bounds:IsValid=true, Min=(X=0.000 Y=0.000 Z=0.000), Max=(X=0.000 Y=0.000 Z=0.000) RuntimeGrid:None EditorOnly:0 RuntimeOnly:0 HLODRelevant:0
 |   |   |- [+] [ 10]
 |   |   |   |- Guid:D21974BF450BDC2D377AF88B62950AC2 BaseClass: NativeClass:/Script/Engine.StaticMeshActor Name:StaticMeshActor_UAID_846993542281F27C01_1480991701 Label:Cube2 SpatiallyLoaded:1 Bounds:IsValid=true, Min=(X=6404.329 Y=27258.778 Z=-692.081), Max=(X=9754.913 Y=29329.127 Z=1807.919) RuntimeGrid:None EditorOnly:0 RuntimeOnly:0 HLODRelevant:1
 |   |   |- [+] [ 11]
 |   |   |   |- Guid:4DBBB92E4F56E9CD6DEC9AAAD22552D4 BaseClass: NativeClass:/Script/Engine.DirectionalLight Name:DirectionalLight_UAID_8469935422811C7F01_1973292204 Label:DirectionalLight SpatiallyLoaded:0 Bounds:IsValid=true, Min=(X=-4398046511104.000 Y=-4398046511104.000 Z=-4398046511104.000), Max=(X=4398046511104.000 Y=4398046511104.000 Z=4398046511104.000) RuntimeGrid:None EditorOnly:0 RuntimeOnly:0 HLODRelevant:0
 |   |   |- [+] [ 12]
 |   |   |   |- Guid:218E3B124735712D7EF272B4FB8E7FF6 BaseClass: NativeClass:/Script/Landscape.Landscape Name:Landscape_UAID_A85E45CFE404FBD100_1221515703 Label:Landscape SpatiallyLoaded:0 Bounds:IsValid=true, Min=(X=-100800.000 Y=-100800.000 Z=100.000), Max=(X=-100800.000 Y=-100800.000 Z=100.000) RuntimeGrid:None EditorOnly:0 RuntimeOnly:0 HLODRelevant:0
 |- ContainerInstances:
 |- [+] MainContainer:
 |   |-        ID: 0x0000000000000000
 |   |-    Bounds: IsValid=true, Min=(X=5715.000 Y=25452.500 Z=-692.081), Max=(X=9754.913 Y=30127.500 Z=1807.919)
 |   |- Transform: 0.000000,0.000000,0.000000|0.000000,0.000000,-0.000000|1.000000,1.000000,1.000000
 |   |- Container: /Game/Level
